<?xml version="1.0" encoding="UTF-8"?>
<!-- Generated by org.testng.reporters.JUnitXMLReporter -->
<testsuite ignored="2" hostname="lin80035051" failures="0" tests="2" name="Default test" time="1.786" errors="0" timestamp="2023-02-06T10:47:58 IST">
  <testcase classname="tests.ApiTest" name="validateAddResponse" time="1.414"/>
  <testcase classname="tests.ApiTest" name="validateGetRequest" time="0.108"/>
  <testcase classname="tests.ApiTest" name="validateAddResponsewithRequestPayloadAsMap" time="0.0">
    <ignored/>
  </testcase> <!-- validateAddResponsewithRequestPayloadAsMap -->
  <testcase classname="tests.ApiTest" name="endToEndTest" time="0.0">
    <ignored/>
  </testcase> <!-- endToEndTest -->
</testsuite> <!-- Default test -->
