<?xml version="1.0" encoding="UTF-8"?>
<!-- Generated by org.testng.reporters.JUnitXMLReporter -->
<testsuite ignored="2" hostname="lin80035051" failures="0" tests="2" name="Test" time="2.285" errors="0" timestamp="2022-11-17T18:32:01 IST">
  <testcase classname="tests.ApiTest" name="validateAddResponse" time="1.705"/>
  <testcase classname="tests.ApiTest" name="validateGetRequest" time="0.306"/>
  <testcase classname="tests.ApiTest" name="validateAddResponsewithRequestPayloadAsMap" time="0.0">
    <ignored/>
  </testcase> <!-- validateAddResponsewithRequestPayloadAsMap -->
  <testcase classname="tests.ApiTest" name="endToEndTest" time="0.0">
    <ignored/>
  </testcase> <!-- endToEndTest -->
</testsuite> <!-- Test -->
